2026-02-07 17:45:10,853 ERROR [org.springframework.kafka.KafkaListenerEndpointContainer#1-0-C-1] o.s.k.l.KafkaMessageListenerContainer [LogAccessor.java:149] Consumer exception
java.lang.IllegalStateException: This error handler cannot process 'org.apache.kafka.common.requests.CorrelationIdMismatchException's; no record information is available
	at org.springframework.kafka.listener.DefaultErrorHandler.handleOtherException(DefaultErrorHandler.java:198)
	at org.springframework.kafka.listener.KafkaMessageListenerContainer$ListenerConsumer.handleConsumerException(KafkaMessageListenerContainer.java:2003)
	at org.springframework.kafka.listener.KafkaMessageListenerContainer$ListenerConsumer.run(KafkaMessageListenerContainer.java:1398)
	at java.base/java.util.concurrent.CompletableFuture$AsyncRun.run(CompletableFuture.java:1804)
	at java.base/java.lang.Thread.run(Thread.java:1570)
Caused by: org.apache.kafka.common.requests.CorrelationIdMismatchException: Correlation id for response (1179651) does not match request (682515), request header: RequestHeader(apiKey=API_VERSIONS, apiVersion=3, clientId=consumer-test-consumer-group-3, correlationId=682515, headerVersion=2)
	at org.apache.kafka.common.requests.AbstractResponse.parseResponse(AbstractResponse.java:106)
	at org.apache.kafka.clients.NetworkClient.parseResponse(NetworkClient.java:775)
	at org.apache.kafka.clients.NetworkClient.handleCompletedReceives(NetworkClient.java:949)
	at org.apache.kafka.clients.NetworkClient.poll(NetworkClient.java:604)
	at org.apache.kafka.clients.consumer.internals.ConsumerNetworkClient.poll(ConsumerNetworkClient.java:281)
	at org.apache.kafka.clients.consumer.internals.ConsumerNetworkClient.poll(ConsumerNetworkClient.java:252)
	at org.apache.kafka.clients.consumer.internals.ConsumerNetworkClient.poll(ConsumerNetworkClient.java:243)
	at org.apache.kafka.clients.consumer.internals.ConsumerNetworkClient.awaitMetadataUpdate(ConsumerNetworkClient.java:165)
	at org.apache.kafka.clients.consumer.internals.AbstractCoordinator.ensureCoordinatorReady(AbstractCoordinator.java:302)
	at org.apache.kafka.clients.consumer.internals.AbstractCoordinator.ensureCoordinatorReady(AbstractCoordinator.java:263)
	at org.apache.kafka.clients.consumer.internals.ConsumerCoordinator.coordinatorUnknownAndUnreadySync(ConsumerCoordinator.java:450)
	at org.apache.kafka.clients.consumer.internals.ConsumerCoordinator.poll(ConsumerCoordinator.java:482)
	at org.apache.kafka.clients.consumer.internals.LegacyKafkaConsumer.updateAssignmentMetadataIfNeeded(LegacyKafkaConsumer.java:652)
	at org.apache.kafka.clients.consumer.internals.LegacyKafkaConsumer.poll(LegacyKafkaConsumer.java:611)
	at org.apache.kafka.clients.consumer.internals.LegacyKafkaConsumer.poll(LegacyKafkaConsumer.java:591)
	at org.apache.kafka.clients.consumer.KafkaConsumer.poll(KafkaConsumer.java:874)
	at org.springframework.kafka.listener.KafkaMessageListenerContainer$ListenerConsumer.pollConsumer(KafkaMessageListenerContainer.java:1703)
	at org.springframework.kafka.listener.KafkaMessageListenerContainer$ListenerConsumer.doPoll(KafkaMessageListenerContainer.java:1678)
	at org.springframework.kafka.listener.KafkaMessageListenerContainer$ListenerConsumer.pollAndInvoke(KafkaMessageListenerContainer.java:1456)
	at org.springframework.kafka.listener.KafkaMessageListenerContainer$ListenerConsumer.run(KafkaMessageListenerContainer.java:1346)
	... 2 common frames omitted
2026-02-07 18:33:24,846 ERROR [org.springframework.kafka.KafkaListenerEndpointContainer#1-0-C-1] o.s.k.l.KafkaMessageListenerContainer [LogAccessor.java:149] Consumer exception
java.lang.IllegalStateException: This error handler cannot process 'org.apache.kafka.common.requests.CorrelationIdMismatchException's; no record information is available
	at org.springframework.kafka.listener.DefaultErrorHandler.handleOtherException(DefaultErrorHandler.java:198)
	at org.springframework.kafka.listener.KafkaMessageListenerContainer$ListenerConsumer.handleConsumerException(KafkaMessageListenerContainer.java:2003)
	at org.springframework.kafka.listener.KafkaMessageListenerContainer$ListenerConsumer.run(KafkaMessageListenerContainer.java:1398)
	at java.base/java.util.concurrent.CompletableFuture$AsyncRun.run(CompletableFuture.java:1804)
	at java.base/java.lang.Thread.run(Thread.java:1570)
Caused by: org.apache.kafka.common.requests.CorrelationIdMismatchException: Correlation id for response (1179651) does not match request (682642), request header: RequestHeader(apiKey=API_VERSIONS, apiVersion=3, clientId=consumer-test-consumer-group-3, correlationId=682642, headerVersion=2)
	at org.apache.kafka.common.requests.AbstractResponse.parseResponse(AbstractResponse.java:106)
	at org.apache.kafka.clients.NetworkClient.parseResponse(NetworkClient.java:775)
	at org.apache.kafka.clients.NetworkClient.handleCompletedReceives(NetworkClient.java:949)
	at org.apache.kafka.clients.NetworkClient.poll(NetworkClient.java:604)
	at org.apache.kafka.clients.consumer.internals.ConsumerNetworkClient.poll(ConsumerNetworkClient.java:281)
	at org.apache.kafka.clients.consumer.internals.ConsumerNetworkClient.poll(ConsumerNetworkClient.java:252)
	at org.apache.kafka.clients.consumer.internals.ConsumerNetworkClient.poll(ConsumerNetworkClient.java:243)
	at org.apache.kafka.clients.consumer.internals.ConsumerNetworkClient.awaitMetadataUpdate(ConsumerNetworkClient.java:165)
	at org.apache.kafka.clients.consumer.internals.AbstractCoordinator.ensureCoordinatorReady(AbstractCoordinator.java:302)
	at org.apache.kafka.clients.consumer.internals.AbstractCoordinator.ensureCoordinatorReady(AbstractCoordinator.java:263)
	at org.apache.kafka.clients.consumer.internals.ConsumerCoordinator.coordinatorUnknownAndUnreadySync(ConsumerCoordinator.java:450)
	at org.apache.kafka.clients.consumer.internals.ConsumerCoordinator.poll(ConsumerCoordinator.java:482)
	at org.apache.kafka.clients.consumer.internals.LegacyKafkaConsumer.updateAssignmentMetadataIfNeeded(LegacyKafkaConsumer.java:652)
	at org.apache.kafka.clients.consumer.internals.LegacyKafkaConsumer.poll(LegacyKafkaConsumer.java:611)
	at org.apache.kafka.clients.consumer.internals.LegacyKafkaConsumer.poll(LegacyKafkaConsumer.java:591)
	at org.apache.kafka.clients.consumer.KafkaConsumer.poll(KafkaConsumer.java:874)
	at org.springframework.kafka.listener.KafkaMessageListenerContainer$ListenerConsumer.pollConsumer(KafkaMessageListenerContainer.java:1703)
	at org.springframework.kafka.listener.KafkaMessageListenerContainer$ListenerConsumer.doPoll(KafkaMessageListenerContainer.java:1678)
	at org.springframework.kafka.listener.KafkaMessageListenerContainer$ListenerConsumer.pollAndInvoke(KafkaMessageListenerContainer.java:1456)
	at org.springframework.kafka.listener.KafkaMessageListenerContainer$ListenerConsumer.run(KafkaMessageListenerContainer.java:1346)
	... 2 common frames omitted
2026-02-07 20:17:30,798 ERROR [org.springframework.kafka.KafkaListenerEndpointContainer#2-0-C-1] o.s.k.l.KafkaMessageListenerContainer [LogAccessor.java:149] Consumer exception
java.lang.IllegalStateException: This error handler cannot process 'org.apache.kafka.common.requests.CorrelationIdMismatchException's; no record information is available
	at org.springframework.kafka.listener.DefaultErrorHandler.handleOtherException(DefaultErrorHandler.java:198)
	at org.springframework.kafka.listener.KafkaMessageListenerContainer$ListenerConsumer.handleConsumerException(KafkaMessageListenerContainer.java:2003)
	at org.springframework.kafka.listener.KafkaMessageListenerContainer$ListenerConsumer.run(KafkaMessageListenerContainer.java:1398)
	at java.base/java.util.concurrent.CompletableFuture$AsyncRun.run(CompletableFuture.java:1804)
	at java.base/java.lang.Thread.run(Thread.java:1570)
Caused by: org.apache.kafka.common.requests.CorrelationIdMismatchException: Correlation id for response (1179651) does not match request (682516), request header: RequestHeader(apiKey=API_VERSIONS, apiVersion=3, clientId=consumer-test-consumer-group-1, correlationId=682516, headerVersion=2)
	at org.apache.kafka.common.requests.AbstractResponse.parseResponse(AbstractResponse.java:106)
	at org.apache.kafka.clients.NetworkClient.parseResponse(NetworkClient.java:775)
	at org.apache.kafka.clients.NetworkClient.handleCompletedReceives(NetworkClient.java:949)
	at org.apache.kafka.clients.NetworkClient.poll(NetworkClient.java:604)
	at org.apache.kafka.clients.consumer.internals.ConsumerNetworkClient.poll(ConsumerNetworkClient.java:281)
	at org.apache.kafka.clients.consumer.internals.ConsumerNetworkClient.poll(ConsumerNetworkClient.java:252)
	at org.apache.kafka.clients.consumer.internals.ConsumerNetworkClient.poll(ConsumerNetworkClient.java:243)
	at org.apache.kafka.clients.consumer.internals.ConsumerNetworkClient.awaitMetadataUpdate(ConsumerNetworkClient.java:165)
	at org.apache.kafka.clients.consumer.internals.AbstractCoordinator.ensureCoordinatorReady(AbstractCoordinator.java:302)
	at org.apache.kafka.clients.consumer.internals.AbstractCoordinator.ensureCoordinatorReady(AbstractCoordinator.java:263)
	at org.apache.kafka.clients.consumer.internals.ConsumerCoordinator.coordinatorUnknownAndUnreadySync(ConsumerCoordinator.java:450)
	at org.apache.kafka.clients.consumer.internals.ConsumerCoordinator.poll(ConsumerCoordinator.java:482)
	at org.apache.kafka.clients.consumer.internals.LegacyKafkaConsumer.updateAssignmentMetadataIfNeeded(LegacyKafkaConsumer.java:652)
	at org.apache.kafka.clients.consumer.internals.LegacyKafkaConsumer.poll(LegacyKafkaConsumer.java:611)
	at org.apache.kafka.clients.consumer.internals.LegacyKafkaConsumer.poll(LegacyKafkaConsumer.java:591)
	at org.apache.kafka.clients.consumer.KafkaConsumer.poll(KafkaConsumer.java:874)
	at org.springframework.kafka.listener.KafkaMessageListenerContainer$ListenerConsumer.pollConsumer(KafkaMessageListenerContainer.java:1703)
	at org.springframework.kafka.listener.KafkaMessageListenerContainer$ListenerConsumer.doPoll(KafkaMessageListenerContainer.java:1678)
	at org.springframework.kafka.listener.KafkaMessageListenerContainer$ListenerConsumer.pollAndInvoke(KafkaMessageListenerContainer.java:1456)
	at org.springframework.kafka.listener.KafkaMessageListenerContainer$ListenerConsumer.run(KafkaMessageListenerContainer.java:1346)
	... 2 common frames omitted
2026-02-07 21:07:31,476 ERROR [org.springframework.kafka.KafkaListenerEndpointContainer#0-0-C-1] o.s.k.l.KafkaMessageListenerContainer [LogAccessor.java:149] Consumer exception
java.lang.IllegalStateException: This error handler cannot process 'org.apache.kafka.common.requests.CorrelationIdMismatchException's; no record information is available
	at org.springframework.kafka.listener.DefaultErrorHandler.handleOtherException(DefaultErrorHandler.java:198)
	at org.springframework.kafka.listener.KafkaMessageListenerContainer$ListenerConsumer.handleConsumerException(KafkaMessageListenerContainer.java:2003)
	at org.springframework.kafka.listener.KafkaMessageListenerContainer$ListenerConsumer.run(KafkaMessageListenerContainer.java:1398)
	at java.base/java.util.concurrent.CompletableFuture$AsyncRun.run(CompletableFuture.java:1804)
	at java.base/java.lang.Thread.run(Thread.java:1570)
Caused by: org.apache.kafka.common.requests.CorrelationIdMismatchException: Correlation id for response (1179651) does not match request (682495), request header: RequestHeader(apiKey=API_VERSIONS, apiVersion=3, clientId=consumer-test-consumer-group-2, correlationId=682495, headerVersion=2)
	at org.apache.kafka.common.requests.AbstractResponse.parseResponse(AbstractResponse.java:106)
	at org.apache.kafka.clients.NetworkClient.parseResponse(NetworkClient.java:775)
	at org.apache.kafka.clients.NetworkClient.handleCompletedReceives(NetworkClient.java:949)
	at org.apache.kafka.clients.NetworkClient.poll(NetworkClient.java:604)
	at org.apache.kafka.clients.consumer.internals.ConsumerNetworkClient.poll(ConsumerNetworkClient.java:281)
	at org.apache.kafka.clients.consumer.internals.ConsumerNetworkClient.poll(ConsumerNetworkClient.java:252)
	at org.apache.kafka.clients.consumer.internals.ConsumerNetworkClient.poll(ConsumerNetworkClient.java:243)
	at org.apache.kafka.clients.consumer.internals.ConsumerNetworkClient.awaitMetadataUpdate(ConsumerNetworkClient.java:165)
	at org.apache.kafka.clients.consumer.internals.AbstractCoordinator.ensureCoordinatorReady(AbstractCoordinator.java:302)
	at org.apache.kafka.clients.consumer.internals.AbstractCoordinator.ensureCoordinatorReady(AbstractCoordinator.java:263)
	at org.apache.kafka.clients.consumer.internals.ConsumerCoordinator.coordinatorUnknownAndUnreadySync(ConsumerCoordinator.java:450)
	at org.apache.kafka.clients.consumer.internals.ConsumerCoordinator.poll(ConsumerCoordinator.java:482)
	at org.apache.kafka.clients.consumer.internals.LegacyKafkaConsumer.updateAssignmentMetadataIfNeeded(LegacyKafkaConsumer.java:652)
	at org.apache.kafka.clients.consumer.internals.LegacyKafkaConsumer.poll(LegacyKafkaConsumer.java:611)
	at org.apache.kafka.clients.consumer.internals.LegacyKafkaConsumer.poll(LegacyKafkaConsumer.java:591)
	at org.apache.kafka.clients.consumer.KafkaConsumer.poll(KafkaConsumer.java:874)
	at org.springframework.kafka.listener.KafkaMessageListenerContainer$ListenerConsumer.pollConsumer(KafkaMessageListenerContainer.java:1703)
	at org.springframework.kafka.listener.KafkaMessageListenerContainer$ListenerConsumer.doPoll(KafkaMessageListenerContainer.java:1678)
	at org.springframework.kafka.listener.KafkaMessageListenerContainer$ListenerConsumer.pollAndInvoke(KafkaMessageListenerContainer.java:1456)
	at org.springframework.kafka.listener.KafkaMessageListenerContainer$ListenerConsumer.run(KafkaMessageListenerContainer.java:1346)
	... 2 common frames omitted
