2026-02-10 00:04:14,365 INFO [communityScheduler_Worker-3] c.n.c.q.PostScoreRefreshJob [PostScoreRefreshJob.java:57] [任务取消] 没有需要刷新的帖子
2026-02-10 00:09:14,363 INFO [communityScheduler_Worker-4] c.n.c.q.PostScoreRefreshJob [PostScoreRefreshJob.java:57] [任务取消] 没有需要刷新的帖子
2026-02-10 00:14:14,364 INFO [communityScheduler_Worker-5] c.n.c.q.PostScoreRefreshJob [PostScoreRefreshJob.java:57] [任务取消] 没有需要刷新的帖子
2026-02-10 00:19:14,366 INFO [communityScheduler_Worker-1] c.n.c.q.PostScoreRefreshJob [PostScoreRefreshJob.java:57] [任务取消] 没有需要刷新的帖子
2026-02-10 00:24:14,365 INFO [communityScheduler_Worker-2] c.n.c.q.PostScoreRefreshJob [PostScoreRefreshJob.java:57] [任务取消] 没有需要刷新的帖子
2026-02-10 00:29:14,368 INFO [communityScheduler_Worker-3] c.n.c.q.PostScoreRefreshJob [PostScoreRefreshJob.java:57] [任务取消] 没有需要刷新的帖子
2026-02-10 00:34:14,366 INFO [communityScheduler_Worker-4] c.n.c.q.PostScoreRefreshJob [PostScoreRefreshJob.java:57] [任务取消] 没有需要刷新的帖子
2026-02-10 00:39:14,365 INFO [communityScheduler_Worker-5] c.n.c.q.PostScoreRefreshJob [PostScoreRefreshJob.java:57] [任务取消] 没有需要刷新的帖子
2026-02-10 00:44:14,366 INFO [communityScheduler_Worker-1] c.n.c.q.PostScoreRefreshJob [PostScoreRefreshJob.java:57] [任务取消] 没有需要刷新的帖子
2026-02-10 00:49:14,364 INFO [communityScheduler_Worker-2] c.n.c.q.PostScoreRefreshJob [PostScoreRefreshJob.java:57] [任务取消] 没有需要刷新的帖子
2026-02-10 00:54:14,365 INFO [communityScheduler_Worker-3] c.n.c.q.PostScoreRefreshJob [PostScoreRefreshJob.java:57] [任务取消] 没有需要刷新的帖子
2026-02-10 00:59:14,368 INFO [communityScheduler_Worker-4] c.n.c.q.PostScoreRefreshJob [PostScoreRefreshJob.java:57] [任务取消] 没有需要刷新的帖子
2026-02-10 01:04:14,365 INFO [communityScheduler_Worker-5] c.n.c.q.PostScoreRefreshJob [PostScoreRefreshJob.java:57] [任务取消] 没有需要刷新的帖子
2026-02-10 01:09:14,364 INFO [communityScheduler_Worker-1] c.n.c.q.PostScoreRefreshJob [PostScoreRefreshJob.java:57] [任务取消] 没有需要刷新的帖子
2026-02-10 01:14:14,366 INFO [communityScheduler_Worker-2] c.n.c.q.PostScoreRefreshJob [PostScoreRefreshJob.java:57] [任务取消] 没有需要刷新的帖子
2026-02-10 01:19:14,368 INFO [communityScheduler_Worker-3] c.n.c.q.PostScoreRefreshJob [PostScoreRefreshJob.java:57] [任务取消] 没有需要刷新的帖子
2026-02-10 01:24:14,368 INFO [communityScheduler_Worker-4] c.n.c.q.PostScoreRefreshJob [PostScoreRefreshJob.java:57] [任务取消] 没有需要刷新的帖子
2026-02-10 01:29:14,365 INFO [communityScheduler_Worker-5] c.n.c.q.PostScoreRefreshJob [PostScoreRefreshJob.java:57] [任务取消] 没有需要刷新的帖子
2026-02-10 01:34:14,364 INFO [communityScheduler_Worker-1] c.n.c.q.PostScoreRefreshJob [PostScoreRefreshJob.java:57] [任务取消] 没有需要刷新的帖子
2026-02-10 01:39:14,365 INFO [communityScheduler_Worker-2] c.n.c.q.PostScoreRefreshJob [PostScoreRefreshJob.java:57] [任务取消] 没有需要刷新的帖子
2026-02-10 01:44:14,364 INFO [communityScheduler_Worker-3] c.n.c.q.PostScoreRefreshJob [PostScoreRefreshJob.java:57] [任务取消] 没有需要刷新的帖子
2026-02-10 01:49:14,365 INFO [communityScheduler_Worker-4] c.n.c.q.PostScoreRefreshJob [PostScoreRefreshJob.java:57] [任务取消] 没有需要刷新的帖子
2026-02-10 01:54:14,364 INFO [communityScheduler_Worker-5] c.n.c.q.PostScoreRefreshJob [PostScoreRefreshJob.java:57] [任务取消] 没有需要刷新的帖子
2026-02-10 01:59:14,364 INFO [communityScheduler_Worker-1] c.n.c.q.PostScoreRefreshJob [PostScoreRefreshJob.java:57] [任务取消] 没有需要刷新的帖子
2026-02-10 02:04:14,366 INFO [communityScheduler_Worker-2] c.n.c.q.PostScoreRefreshJob [PostScoreRefreshJob.java:57] [任务取消] 没有需要刷新的帖子
2026-02-10 02:09:14,365 INFO [communityScheduler_Worker-3] c.n.c.q.PostScoreRefreshJob [PostScoreRefreshJob.java:57] [任务取消] 没有需要刷新的帖子
2026-02-10 02:14:09,394 INFO [SpringApplicationShutdownHook] o.q.c.QuartzScheduler [QuartzScheduler.java:585] Scheduler communityScheduler_$_DESKTOP-TO1FEBO1770635954832 paused.
2026-02-10 02:14:09,398 INFO [org.springframework.kafka.KafkaListenerEndpointContainer#2-0-C-1] o.a.k.c.c.i.ConsumerRebalanceListenerInvoker [ConsumerRebalanceListenerInvoker.java:79] [Consumer clientId=consumer-test-consumer-group-1, groupId=test-consumer-group] Revoke previously assigned partitions delete-0
2026-02-10 02:14:09,398 INFO [org.springframework.kafka.KafkaListenerEndpointContainer#1-0-C-1] o.a.k.c.c.i.ConsumerRebalanceListenerInvoker [ConsumerRebalanceListenerInvoker.java:79] [Consumer clientId=consumer-test-consumer-group-3, groupId=test-consumer-group] Revoke previously assigned partitions publish-0
2026-02-10 02:14:09,398 INFO [org.springframework.kafka.KafkaListenerEndpointContainer#0-0-C-1] o.a.k.c.c.i.ConsumerRebalanceListenerInvoker [ConsumerRebalanceListenerInvoker.java:79] [Consumer clientId=consumer-test-consumer-group-2, groupId=test-consumer-group] Revoke previously assigned partitions comment-0, follow-0, like-0
2026-02-10 02:14:09,400 INFO [org.springframework.kafka.KafkaListenerEndpointContainer#2-0-C-1] o.s.k.l.KafkaMessageListenerContainer [LogAccessor.java:292] test-consumer-group: partitions revoked: [delete-0]
2026-02-10 02:14:09,400 INFO [org.springframework.kafka.KafkaListenerEndpointContainer#0-0-C-1] o.s.k.l.KafkaMessageListenerContainer [LogAccessor.java:292] test-consumer-group: partitions revoked: [comment-0, follow-0, like-0]
2026-02-10 02:14:09,400 INFO [org.springframework.kafka.KafkaListenerEndpointContainer#1-0-C-1] o.s.k.l.KafkaMessageListenerContainer [LogAccessor.java:292] test-consumer-group: partitions revoked: [publish-0]
2026-02-10 02:14:09,400 INFO [org.springframework.kafka.KafkaListenerEndpointContainer#2-0-C-1] o.a.k.c.c.i.ConsumerCoordinator [AbstractCoordinator.java:1173] [Consumer clientId=consumer-test-consumer-group-1, groupId=test-consumer-group] Member consumer-test-consumer-group-1-2d29591b-619a-4afa-a625-4f82f227e7be sending LeaveGroup request to coordinator localhost:9092 (id: 2147483646 rack: null) due to the consumer unsubscribed from all topics
2026-02-10 02:14:09,400 INFO [org.springframework.kafka.KafkaListenerEndpointContainer#1-0-C-1] o.a.k.c.c.i.ConsumerCoordinator [AbstractCoordinator.java:1173] [Consumer clientId=consumer-test-consumer-group-3, groupId=test-consumer-group] Member consumer-test-consumer-group-3-0ef569bf-cbd5-4576-aa21-9c6a27bcade6 sending LeaveGroup request to coordinator localhost:9092 (id: 2147483646 rack: null) due to the consumer unsubscribed from all topics
2026-02-10 02:14:09,400 INFO [org.springframework.kafka.KafkaListenerEndpointContainer#0-0-C-1] o.a.k.c.c.i.ConsumerCoordinator [AbstractCoordinator.java:1173] [Consumer clientId=consumer-test-consumer-group-2, groupId=test-consumer-group] Member consumer-test-consumer-group-2-6e1e74b1-b537-4159-8e67-712c9f05e6dd sending LeaveGroup request to coordinator localhost:9092 (id: 2147483646 rack: null) due to the consumer unsubscribed from all topics
2026-02-10 02:14:09,400 INFO [org.springframework.kafka.KafkaListenerEndpointContainer#2-0-C-1] o.a.k.c.c.i.ConsumerCoordinator [AbstractCoordinator.java:1055] [Consumer clientId=consumer-test-consumer-group-1, groupId=test-consumer-group] Resetting generation and member id due to: consumer pro-actively leaving the group
2026-02-10 02:14:09,400 INFO [org.springframework.kafka.KafkaListenerEndpointContainer#0-0-C-1] o.a.k.c.c.i.ConsumerCoordinator [AbstractCoordinator.java:1055] [Consumer clientId=consumer-test-consumer-group-2, groupId=test-consumer-group] Resetting generation and member id due to: consumer pro-actively leaving the group
2026-02-10 02:14:09,400 INFO [org.springframework.kafka.KafkaListenerEndpointContainer#1-0-C-1] o.a.k.c.c.i.ConsumerCoordinator [AbstractCoordinator.java:1055] [Consumer clientId=consumer-test-consumer-group-3, groupId=test-consumer-group] Resetting generation and member id due to: consumer pro-actively leaving the group
2026-02-10 02:14:09,401 INFO [org.springframework.kafka.KafkaListenerEndpointContainer#2-0-C-1] o.a.k.c.c.i.ConsumerCoordinator [AbstractCoordinator.java:1102] [Consumer clientId=consumer-test-consumer-group-1, groupId=test-consumer-group] Request joining group due to: consumer pro-actively leaving the group
2026-02-10 02:14:09,401 INFO [org.springframework.kafka.KafkaListenerEndpointContainer#0-0-C-1] o.a.k.c.c.i.ConsumerCoordinator [AbstractCoordinator.java:1102] [Consumer clientId=consumer-test-consumer-group-2, groupId=test-consumer-group] Request joining group due to: consumer pro-actively leaving the group
2026-02-10 02:14:09,401 INFO [org.springframework.kafka.KafkaListenerEndpointContainer#1-0-C-1] o.a.k.c.c.i.ConsumerCoordinator [AbstractCoordinator.java:1102] [Consumer clientId=consumer-test-consumer-group-3, groupId=test-consumer-group] Request joining group due to: consumer pro-actively leaving the group
2026-02-10 02:14:09,401 INFO [org.springframework.kafka.KafkaListenerEndpointContainer#2-0-C-1] o.a.k.c.c.i.LegacyKafkaConsumer [LegacyKafkaConsumer.java:547] [Consumer clientId=consumer-test-consumer-group-1, groupId=test-consumer-group] Unsubscribed all topics or patterns and assigned partitions
2026-02-10 02:14:09,401 INFO [org.springframework.kafka.KafkaListenerEndpointContainer#0-0-C-1] o.a.k.c.c.i.LegacyKafkaConsumer [LegacyKafkaConsumer.java:547] [Consumer clientId=consumer-test-consumer-group-2, groupId=test-consumer-group] Unsubscribed all topics or patterns and assigned partitions
2026-02-10 02:14:09,401 INFO [org.springframework.kafka.KafkaListenerEndpointContainer#1-0-C-1] o.a.k.c.c.i.LegacyKafkaConsumer [LegacyKafkaConsumer.java:547] [Consumer clientId=consumer-test-consumer-group-3, groupId=test-consumer-group] Unsubscribed all topics or patterns and assigned partitions
2026-02-10 02:14:09,402 INFO [org.springframework.kafka.KafkaListenerEndpointContainer#1-0-C-1] o.a.k.c.c.i.ConsumerCoordinator [AbstractCoordinator.java:1055] [Consumer clientId=consumer-test-consumer-group-3, groupId=test-consumer-group] Resetting generation and member id due to: consumer pro-actively leaving the group
2026-02-10 02:14:09,402 INFO [org.springframework.kafka.KafkaListenerEndpointContainer#0-0-C-1] o.a.k.c.c.i.ConsumerCoordinator [AbstractCoordinator.java:1055] [Consumer clientId=consumer-test-consumer-group-2, groupId=test-consumer-group] Resetting generation and member id due to: consumer pro-actively leaving the group
2026-02-10 02:14:09,402 INFO [org.springframework.kafka.KafkaListenerEndpointContainer#0-0-C-1] o.a.k.c.c.i.ConsumerCoordinator [AbstractCoordinator.java:1102] [Consumer clientId=consumer-test-consumer-group-2, groupId=test-consumer-group] Request joining group due to: consumer pro-actively leaving the group
2026-02-10 02:14:09,402 INFO [org.springframework.kafka.KafkaListenerEndpointContainer#1-0-C-1] o.a.k.c.c.i.ConsumerCoordinator [AbstractCoordinator.java:1102] [Consumer clientId=consumer-test-consumer-group-3, groupId=test-consumer-group] Request joining group due to: consumer pro-actively leaving the group
2026-02-10 02:14:09,402 INFO [org.springframework.kafka.KafkaListenerEndpointContainer#2-0-C-1] o.a.k.c.c.i.ConsumerCoordinator [AbstractCoordinator.java:1055] [Consumer clientId=consumer-test-consumer-group-1, groupId=test-consumer-group] Resetting generation and member id due to: consumer pro-actively leaving the group
2026-02-10 02:14:09,403 INFO [org.springframework.kafka.KafkaListenerEndpointContainer#2-0-C-1] o.a.k.c.c.i.ConsumerCoordinator [AbstractCoordinator.java:1102] [Consumer clientId=consumer-test-consumer-group-1, groupId=test-consumer-group] Request joining group due to: consumer pro-actively leaving the group
2026-02-10 02:14:09,849 INFO [org.springframework.kafka.KafkaListenerEndpointContainer#0-0-C-1] o.a.k.c.m.Metrics [Metrics.java:684] Metrics scheduler closed
2026-02-10 02:14:09,849 INFO [org.springframework.kafka.KafkaListenerEndpointContainer#2-0-C-1] o.a.k.c.m.Metrics [Metrics.java:684] Metrics scheduler closed
2026-02-10 02:14:09,849 INFO [org.springframework.kafka.KafkaListenerEndpointContainer#0-0-C-1] o.a.k.c.m.Metrics [Metrics.java:688] Closing reporter org.apache.kafka.common.metrics.JmxReporter
2026-02-10 02:14:09,849 INFO [org.springframework.kafka.KafkaListenerEndpointContainer#2-0-C-1] o.a.k.c.m.Metrics [Metrics.java:688] Closing reporter org.apache.kafka.common.metrics.JmxReporter
2026-02-10 02:14:09,849 INFO [org.springframework.kafka.KafkaListenerEndpointContainer#1-0-C-1] o.a.k.c.m.Metrics [Metrics.java:684] Metrics scheduler closed
2026-02-10 02:14:09,849 INFO [org.springframework.kafka.KafkaListenerEndpointContainer#1-0-C-1] o.a.k.c.m.Metrics [Metrics.java:688] Closing reporter org.apache.kafka.common.metrics.JmxReporter
2026-02-10 02:14:09,850 INFO [org.springframework.kafka.KafkaListenerEndpointContainer#0-0-C-1] o.a.k.c.m.Metrics [Metrics.java:688] Closing reporter org.apache.kafka.common.telemetry.internals.ClientTelemetryReporter
2026-02-10 02:14:09,850 INFO [org.springframework.kafka.KafkaListenerEndpointContainer#1-0-C-1] o.a.k.c.m.Metrics [Metrics.java:688] Closing reporter org.apache.kafka.common.telemetry.internals.ClientTelemetryReporter
2026-02-10 02:14:09,850 INFO [org.springframework.kafka.KafkaListenerEndpointContainer#0-0-C-1] o.a.k.c.m.Metrics [Metrics.java:694] Metrics reporters closed
2026-02-10 02:14:09,850 INFO [org.springframework.kafka.KafkaListenerEndpointContainer#1-0-C-1] o.a.k.c.m.Metrics [Metrics.java:694] Metrics reporters closed
2026-02-10 02:14:09,850 INFO [org.springframework.kafka.KafkaListenerEndpointContainer#2-0-C-1] o.a.k.c.m.Metrics [Metrics.java:688] Closing reporter org.apache.kafka.common.telemetry.internals.ClientTelemetryReporter
2026-02-10 02:14:09,850 INFO [org.springframework.kafka.KafkaListenerEndpointContainer#2-0-C-1] o.a.k.c.m.Metrics [Metrics.java:694] Metrics reporters closed
2026-02-10 02:14:09,857 INFO [org.springframework.kafka.KafkaListenerEndpointContainer#0-0-C-1] o.a.k.c.u.AppInfoParser [AppInfoParser.java:88] App info kafka.consumer for consumer-test-consumer-group-2 unregistered
2026-02-10 02:14:09,857 INFO [org.springframework.kafka.KafkaListenerEndpointContainer#2-0-C-1] o.a.k.c.u.AppInfoParser [AppInfoParser.java:88] App info kafka.consumer for consumer-test-consumer-group-1 unregistered
2026-02-10 02:14:09,857 INFO [org.springframework.kafka.KafkaListenerEndpointContainer#1-0-C-1] o.a.k.c.u.AppInfoParser [AppInfoParser.java:88] App info kafka.consumer for consumer-test-consumer-group-3 unregistered
2026-02-10 02:14:09,859 INFO [org.springframework.kafka.KafkaListenerEndpointContainer#0-0-C-1] o.s.k.l.KafkaMessageListenerContainer [LogAccessor.java:292] test-consumer-group: Consumer stopped
2026-02-10 02:14:09,859 INFO [org.springframework.kafka.KafkaListenerEndpointContainer#1-0-C-1] o.s.k.l.KafkaMessageListenerContainer [LogAccessor.java:292] test-consumer-group: Consumer stopped
2026-02-10 02:14:09,860 INFO [org.springframework.kafka.KafkaListenerEndpointContainer#2-0-C-1] o.s.k.l.KafkaMessageListenerContainer [LogAccessor.java:292] test-consumer-group: Consumer stopped
2026-02-10 02:14:09,861 INFO [SpringApplicationShutdownHook] o.s.b.w.e.t.GracefulShutdown [GracefulShutdown.java:54] Commencing graceful shutdown. Waiting for active requests to complete
2026-02-10 02:14:09,866 INFO [tomcat-shutdown] o.s.b.w.e.t.GracefulShutdown [GracefulShutdown.java:76] Graceful shutdown complete
2026-02-10 02:14:09,874 INFO [SpringApplicationShutdownHook] o.a.k.c.p.KafkaProducer [KafkaProducer.java:1373] [Producer clientId=community-producer-1] Closing the Kafka producer with timeoutMillis = 30000 ms.
2026-02-10 02:14:09,877 INFO [SpringApplicationShutdownHook] o.a.k.c.m.Metrics [Metrics.java:684] Metrics scheduler closed
2026-02-10 02:14:09,878 INFO [SpringApplicationShutdownHook] o.a.k.c.m.Metrics [Metrics.java:688] Closing reporter org.apache.kafka.common.metrics.JmxReporter
2026-02-10 02:14:09,878 INFO [SpringApplicationShutdownHook] o.a.k.c.m.Metrics [Metrics.java:688] Closing reporter org.apache.kafka.common.telemetry.internals.ClientTelemetryReporter
2026-02-10 02:14:09,878 INFO [SpringApplicationShutdownHook] o.a.k.c.m.Metrics [Metrics.java:694] Metrics reporters closed
2026-02-10 02:14:09,878 INFO [SpringApplicationShutdownHook] o.a.k.c.u.AppInfoParser [AppInfoParser.java:88] App info kafka.producer for community-producer-1 unregistered
2026-02-10 02:14:09,886 INFO [SpringApplicationShutdownHook] o.s.s.q.SchedulerFactoryBean [SchedulerFactoryBean.java:845] Shutting down Quartz Scheduler
2026-02-10 02:14:09,886 INFO [SpringApplicationShutdownHook] o.q.c.QuartzScheduler [QuartzScheduler.java:666] Scheduler communityScheduler_$_DESKTOP-TO1FEBO1770635954832 shutting down.
2026-02-10 02:14:09,886 INFO [SpringApplicationShutdownHook] o.q.c.QuartzScheduler [QuartzScheduler.java:585] Scheduler communityScheduler_$_DESKTOP-TO1FEBO1770635954832 paused.
2026-02-10 02:14:09,887 INFO [SpringApplicationShutdownHook] o.q.c.QuartzScheduler [QuartzScheduler.java:740] Scheduler communityScheduler_$_DESKTOP-TO1FEBO1770635954832 shutdown complete.
2026-02-10 02:14:09,895 INFO [SpringApplicationShutdownHook] c.z.h.HikariDataSource [HikariDataSource.java:349] HikariPool-1 - Shutdown initiated...
2026-02-10 02:14:09,905 INFO [SpringApplicationShutdownHook] c.z.h.HikariDataSource [HikariDataSource.java:351] HikariPool-1 - Shutdown completed.
