2025-04-01 13:41:39,990 INFO [restartedMain] c.n.c.CommunityApplication [StartupInfoLogger.java:53] Starting CommunityApplication using Java 22.0.1 with PID 28488 (C:\Users\Yang\Desktop\interview\community\target\classes started by Yang in C:\Users\Yang\Desktop\interview\community)
2025-04-01 13:41:39,991 INFO [restartedMain] c.n.c.CommunityApplication [SpringApplication.java:652] No active profile set, falling back to 1 default profile: "default"
2025-04-01 13:41:39,996 INFO [main] c.n.c.LoggerTest [StartupInfoLogger.java:53] Starting LoggerTest using Java 22.0.1 with PID 15824 (started by Yang in C:\Users\Yang\Desktop\interview\community)
2025-04-01 13:41:39,998 INFO [main] c.n.c.LoggerTest [SpringApplication.java:652] No active profile set, falling back to 1 default profile: "default"
2025-04-01 13:41:40,151 INFO [restartedMain] o.s.b.w.e.t.TomcatWebServer [TomcatWebServer.java:111] Tomcat initialized with port 8080 (http)
2025-04-01 13:41:40,152 INFO [restartedMain] o.a.c.c.StandardService [DirectJDKLog.java:173] Starting service [Tomcat]
2025-04-01 13:41:40,152 INFO [restartedMain] o.a.c.c.StandardEngine [DirectJDKLog.java:173] Starting Servlet engine: [Apache Tomcat/10.1.39]
2025-04-01 13:41:40,163 INFO [restartedMain] o.a.c.c.C.[.[.[/community] [DirectJDKLog.java:173] Initializing Spring embedded WebApplicationContext
2025-04-01 13:41:40,163 INFO [restartedMain] o.s.b.w.s.c.ServletWebServerApplicationContext [ServletWebServerApplicationContext.java:301] Root WebApplicationContext: initialization completed in 171 ms
2025-04-01 13:41:40,216 INFO [restartedMain] o.s.b.a.w.s.WelcomePageHandlerMapping [WelcomePageHandlerMapping.java:59] Adding welcome page template: index
2025-04-01 13:41:40,264 INFO [restartedMain] o.s.b.d.a.OptionalLiveReloadServer [OptionalLiveReloadServer.java:59] LiveReload server is running on port 35729
2025-04-01 13:41:40,270 INFO [restartedMain] o.s.b.w.e.t.TomcatWebServer [TomcatWebServer.java:243] Tomcat started on port 8080 (http) with context path '/community'
2025-04-01 13:41:40,272 INFO [restartedMain] c.n.c.CommunityApplication [StartupInfoLogger.java:59] Started CommunityApplication in 0.363 seconds (process running for 1267.024)
2025-04-01 13:41:40,273 INFO [restartedMain] o.s.b.d.a.ConditionEvaluationDeltaLoggingListener [ConditionEvaluationDeltaLoggingListener.java:63] Condition evaluation unchanged
2025-04-01 13:41:41,461 INFO [main] o.s.b.a.w.s.WelcomePageHandlerMapping [WelcomePageHandlerMapping.java:59] Adding welcome page template: index
2025-04-01 13:41:41,920 INFO [main] c.n.c.LoggerTest [StartupInfoLogger.java:59] Started LoggerTest in 2.387 seconds (process running for 3.042)
2025-04-01 13:41:42,473 INFO [main] c.n.c.LoggerTest [LoggerTest.java:21] info log
2025-04-01 13:43:59,339 INFO [SpringApplicationShutdownHook] o.s.b.w.e.t.GracefulShutdown [GracefulShutdown.java:54] Commencing graceful shutdown. Waiting for active requests to complete
2025-04-01 13:43:59,342 INFO [tomcat-shutdown] o.s.b.w.e.t.GracefulShutdown [GracefulShutdown.java:76] Graceful shutdown complete
2025-04-01 13:45:07,629 INFO [main] c.n.c.LoggerTest [StartupInfoLogger.java:53] Starting LoggerTest using Java 22.0.1 with PID 9032 (started by Yang in C:\Users\Yang\Desktop\interview\community)
2025-04-01 13:45:07,631 INFO [main] c.n.c.LoggerTest [SpringApplication.java:652] No active profile set, falling back to 1 default profile: "default"
2025-04-01 13:45:09,031 INFO [main] o.s.b.a.w.s.WelcomePageHandlerMapping [WelcomePageHandlerMapping.java:59] Adding welcome page template: index
2025-04-01 13:45:09,427 INFO [main] c.n.c.LoggerTest [StartupInfoLogger.java:59] Started LoggerTest in 2.248 seconds (process running for 2.901)
2025-04-01 13:45:10,008 INFO [main] c.n.c.LoggerTest [LoggerTest.java:21] info log
2025-04-01 15:00:20,149 INFO [main] c.n.c.MailTest [StartupInfoLogger.java:53] Starting MailTest using Java 22.0.1 with PID 20460 (started by Yang in C:\Users\Yang\Desktop\interview\community)
2025-04-01 15:00:20,151 INFO [main] c.n.c.MailTest [SpringApplication.java:652] No active profile set, falling back to 1 default profile: "default"
2025-04-01 15:00:21,537 INFO [main] o.s.b.a.w.s.WelcomePageHandlerMapping [WelcomePageHandlerMapping.java:59] Adding welcome page template: index
2025-04-01 15:00:22,011 INFO [main] c.n.c.MailTest [StartupInfoLogger.java:59] Started MailTest in 2.341 seconds (process running for 3.007)
2025-04-01 15:04:32,190 INFO [main] c.n.c.MailTest [StartupInfoLogger.java:53] Starting MailTest using Java 22.0.1 with PID 28564 (started by Yang in C:\Users\Yang\Desktop\interview\community)
2025-04-01 15:04:32,192 INFO [main] c.n.c.MailTest [SpringApplication.java:652] No active profile set, falling back to 1 default profile: "default"
2025-04-01 15:04:33,588 INFO [main] o.s.b.a.w.s.WelcomePageHandlerMapping [WelcomePageHandlerMapping.java:59] Adding welcome page template: index
2025-04-01 15:04:34,054 INFO [main] c.n.c.MailTest [StartupInfoLogger.java:59] Started MailTest in 2.317 seconds (process running for 2.978)
2025-04-01 15:30:56,367 INFO [restartedMain] c.n.c.CommunityApplication [StartupInfoLogger.java:53] Starting CommunityApplication using Java 22.0.1 with PID 8452 (C:\Users\Yang\Desktop\interview\community\target\classes started by Yang in C:\Users\Yang\Desktop\interview\community)
2025-04-01 15:30:56,368 INFO [restartedMain] c.n.c.CommunityApplication [SpringApplication.java:652] No active profile set, falling back to 1 default profile: "default"
2025-04-01 15:30:56,399 INFO [restartedMain] o.s.b.d.e.DevToolsPropertyDefaultsPostProcessor [DeferredLog.java:252] Devtools property defaults active! Set 'spring.devtools.add-properties' to 'false' to disable
2025-04-01 15:30:56,400 INFO [restartedMain] o.s.b.d.e.DevToolsPropertyDefaultsPostProcessor [DeferredLog.java:252] For additional web related logging consider setting the 'logging.level.web' property to 'DEBUG'
2025-04-01 15:30:57,130 INFO [restartedMain] o.s.b.w.e.t.TomcatWebServer [TomcatWebServer.java:111] Tomcat initialized with port 8080 (http)
2025-04-01 15:30:57,139 INFO [restartedMain] o.a.c.h.Http11NioProtocol [DirectJDKLog.java:173] Initializing ProtocolHandler ["http-nio-8080"]
2025-04-01 15:30:57,140 INFO [restartedMain] o.a.c.c.StandardService [DirectJDKLog.java:173] Starting service [Tomcat]
2025-04-01 15:30:57,140 INFO [restartedMain] o.a.c.c.StandardEngine [DirectJDKLog.java:173] Starting Servlet engine: [Apache Tomcat/10.1.39]
2025-04-01 15:30:57,170 INFO [restartedMain] o.a.c.c.C.[.[.[/community] [DirectJDKLog.java:173] Initializing Spring embedded WebApplicationContext
2025-04-01 15:30:57,170 INFO [restartedMain] o.s.b.w.s.c.ServletWebServerApplicationContext [ServletWebServerApplicationContext.java:301] Root WebApplicationContext: initialization completed in 770 ms
2025-04-01 15:30:57,420 INFO [restartedMain] o.s.b.a.w.s.WelcomePageHandlerMapping [WelcomePageHandlerMapping.java:59] Adding welcome page template: index
2025-04-01 15:30:57,636 INFO [restartedMain] o.s.b.d.a.OptionalLiveReloadServer [OptionalLiveReloadServer.java:59] LiveReload server is running on port 35729
2025-04-01 15:30:57,647 INFO [restartedMain] o.a.c.h.Http11NioProtocol [DirectJDKLog.java:173] Starting ProtocolHandler ["http-nio-8080"]
2025-04-01 15:30:57,660 INFO [restartedMain] o.s.b.w.e.t.TomcatWebServer [TomcatWebServer.java:243] Tomcat started on port 8080 (http) with context path '/community'
2025-04-01 15:30:57,666 INFO [restartedMain] c.n.c.CommunityApplication [StartupInfoLogger.java:59] Started CommunityApplication in 1.657 seconds (process running for 2.422)
2025-04-01 15:31:14,007 INFO [http-nio-8080-exec-1] o.a.c.c.C.[.[.[/community] [DirectJDKLog.java:173] Initializing Spring DispatcherServlet 'dispatcherServlet'
2025-04-01 15:31:14,007 INFO [http-nio-8080-exec-1] o.s.w.s.DispatcherServlet [FrameworkServlet.java:532] Initializing Servlet 'dispatcherServlet'
2025-04-01 15:31:14,008 INFO [http-nio-8080-exec-1] o.s.w.s.DispatcherServlet [FrameworkServlet.java:554] Completed initialization in 1 ms
2025-04-01 15:31:14,059 INFO [http-nio-8080-exec-1] c.z.h.HikariDataSource [HikariDataSource.java:109] HikariPool-1 - Starting...
2025-04-01 15:31:14,169 INFO [http-nio-8080-exec-1] c.z.h.p.HikariPool [HikariPool.java:554] HikariPool-1 - Added connection com.mysql.cj.jdbc.ConnectionImpl@80330c4
2025-04-01 15:31:14,171 INFO [http-nio-8080-exec-1] c.z.h.HikariDataSource [HikariDataSource.java:122] HikariPool-1 - Start completed.
2025-04-01 15:36:28,655 INFO [http-nio-8080-exec-4] o.a.c.h.Http11Processor [DirectJDKLog.java:175] Error parsing HTTP request header
 Note: further occurrences of HTTP request parsing errors will be logged at DEBUG level.
java.lang.IllegalArgumentException: Invalid character found in method name [0x160x030x010x070x120x010x000x070x0e0x030x030x8e0x060x040xa7k0x05.h!0xe440xfa0xf2:/B{0xe10xf40x040x0c0x13t0xbd0x8a00xb8Q0x12~0xa1p ]. HTTP method names must be tokens
	at org.apache.coyote.http11.Http11InputBuffer.parseRequestLine(Http11InputBuffer.java:409)
	at org.apache.coyote.http11.Http11Processor.service(Http11Processor.java:270)
	at org.apache.coyote.AbstractProcessorLight.process(AbstractProcessorLight.java:63)
	at org.apache.coyote.AbstractProtocol$ConnectionHandler.process(AbstractProtocol.java:905)
	at org.apache.tomcat.util.net.NioEndpoint$SocketProcessor.doRun(NioEndpoint.java:1743)
	at org.apache.tomcat.util.net.SocketProcessorBase.run(SocketProcessorBase.java:52)
	at org.apache.tomcat.util.threads.ThreadPoolExecutor.runWorker(ThreadPoolExecutor.java:1190)
	at org.apache.tomcat.util.threads.ThreadPoolExecutor$Worker.run(ThreadPoolExecutor.java:659)
	at org.apache.tomcat.util.threads.TaskThread$WrappingRunnable.run(TaskThread.java:63)
	at java.base/java.lang.Thread.run(Thread.java:1570)
2025-04-01 15:36:28,659 INFO [http-nio-8080-exec-9] o.a.c.h.Http11Processor [DirectJDKLog.java:175] Error parsing HTTP request header
 Note: further occurrences of HTTP request parsing errors will be logged at DEBUG level.
java.lang.IllegalArgumentException: Invalid character found in method name [0x160x030x010x060xf20x010x000x060xee0x030x030xb10xb10xc6t0x8b0x140x830x12m0xecsc0xe10xd70xe1|0x940x010xec0xac0xe50xaci0x160xff0xe0_0x9f+wLd ]. HTTP method names must be tokens
	at org.apache.coyote.http11.Http11InputBuffer.parseRequestLine(Http11InputBuffer.java:409)
	at org.apache.coyote.http11.Http11Processor.service(Http11Processor.java:270)
	at org.apache.coyote.AbstractProcessorLight.process(AbstractProcessorLight.java:63)
	at org.apache.coyote.AbstractProtocol$ConnectionHandler.process(AbstractProtocol.java:905)
	at org.apache.tomcat.util.net.NioEndpoint$SocketProcessor.doRun(NioEndpoint.java:1743)
	at org.apache.tomcat.util.net.SocketProcessorBase.run(SocketProcessorBase.java:52)
	at org.apache.tomcat.util.threads.ThreadPoolExecutor.runWorker(ThreadPoolExecutor.java:1190)
	at org.apache.tomcat.util.threads.ThreadPoolExecutor$Worker.run(ThreadPoolExecutor.java:659)
	at org.apache.tomcat.util.threads.TaskThread$WrappingRunnable.run(TaskThread.java:63)
	at java.base/java.lang.Thread.run(Thread.java:1570)
2025-04-01 17:24:52,973 INFO [SpringApplicationShutdownHook] o.s.b.w.e.t.GracefulShutdown [GracefulShutdown.java:54] Commencing graceful shutdown. Waiting for active requests to complete
2025-04-01 17:24:52,977 INFO [tomcat-shutdown] o.s.b.w.e.t.GracefulShutdown [GracefulShutdown.java:76] Graceful shutdown complete
2025-04-01 17:24:52,981 INFO [SpringApplicationShutdownHook] c.z.h.HikariDataSource [HikariDataSource.java:349] HikariPool-1 - Shutdown initiated...
2025-04-01 17:24:52,982 INFO [SpringApplicationShutdownHook] c.z.h.HikariDataSource [HikariDataSource.java:351] HikariPool-1 - Shutdown completed.
2025-04-01 17:24:56,772 INFO [restartedMain] c.n.c.CommunityApplication [StartupInfoLogger.java:53] Starting CommunityApplication using Java 22.0.1 with PID 21932 (C:\Users\Yang\Desktop\interview\community\target\classes started by Yang in C:\Users\Yang\Desktop\interview\community)
2025-04-01 17:24:56,774 INFO [restartedMain] c.n.c.CommunityApplication [SpringApplication.java:652] No active profile set, falling back to 1 default profile: "default"
2025-04-01 17:24:56,805 INFO [restartedMain] o.s.b.d.e.DevToolsPropertyDefaultsPostProcessor [DeferredLog.java:252] Devtools property defaults active! Set 'spring.devtools.add-properties' to 'false' to disable
2025-04-01 17:24:56,805 INFO [restartedMain] o.s.b.d.e.DevToolsPropertyDefaultsPostProcessor [DeferredLog.java:252] For additional web related logging consider setting the 'logging.level.web' property to 'DEBUG'
2025-04-01 17:24:57,593 INFO [restartedMain] o.s.b.w.e.t.TomcatWebServer [TomcatWebServer.java:111] Tomcat initialized with port 8080 (http)
2025-04-01 17:24:57,602 INFO [restartedMain] o.a.c.h.Http11NioProtocol [DirectJDKLog.java:173] Initializing ProtocolHandler ["http-nio-8080"]
2025-04-01 17:24:57,603 INFO [restartedMain] o.a.c.c.StandardService [DirectJDKLog.java:173] Starting service [Tomcat]
2025-04-01 17:24:57,604 INFO [restartedMain] o.a.c.c.StandardEngine [DirectJDKLog.java:173] Starting Servlet engine: [Apache Tomcat/10.1.39]
2025-04-01 17:24:57,634 INFO [restartedMain] o.a.c.c.C.[.[.[/community] [DirectJDKLog.java:173] Initializing Spring embedded WebApplicationContext
2025-04-01 17:24:57,634 INFO [restartedMain] o.s.b.w.s.c.ServletWebServerApplicationContext [ServletWebServerApplicationContext.java:301] Root WebApplicationContext: initialization completed in 828 ms
2025-04-01 17:24:57,910 INFO [restartedMain] o.s.b.a.w.s.WelcomePageHandlerMapping [WelcomePageHandlerMapping.java:59] Adding welcome page template: index
2025-04-01 17:24:58,108 INFO [restartedMain] o.s.b.d.a.OptionalLiveReloadServer [OptionalLiveReloadServer.java:59] LiveReload server is running on port 35729
2025-04-01 17:24:58,121 INFO [restartedMain] o.a.c.h.Http11NioProtocol [DirectJDKLog.java:173] Starting ProtocolHandler ["http-nio-8080"]
2025-04-01 17:24:58,134 INFO [restartedMain] o.s.b.w.e.t.TomcatWebServer [TomcatWebServer.java:243] Tomcat started on port 8080 (http) with context path '/community'
2025-04-01 17:24:58,140 INFO [restartedMain] c.n.c.CommunityApplication [StartupInfoLogger.java:59] Started CommunityApplication in 1.747 seconds (process running for 2.205)
2025-04-01 17:25:05,626 INFO [http-nio-8080-exec-1] o.a.c.c.C.[.[.[/community] [DirectJDKLog.java:173] Initializing Spring DispatcherServlet 'dispatcherServlet'
2025-04-01 17:25:05,626 INFO [http-nio-8080-exec-1] o.s.w.s.DispatcherServlet [FrameworkServlet.java:532] Initializing Servlet 'dispatcherServlet'
2025-04-01 17:25:05,627 INFO [http-nio-8080-exec-1] o.s.w.s.DispatcherServlet [FrameworkServlet.java:554] Completed initialization in 1 ms
2025-04-01 17:25:05,677 INFO [http-nio-8080-exec-1] c.z.h.HikariDataSource [HikariDataSource.java:109] HikariPool-1 - Starting...
2025-04-01 17:25:05,786 INFO [http-nio-8080-exec-1] c.z.h.p.HikariPool [HikariPool.java:554] HikariPool-1 - Added connection com.mysql.cj.jdbc.ConnectionImpl@bb10f54
2025-04-01 17:25:05,788 INFO [http-nio-8080-exec-1] c.z.h.HikariDataSource [HikariDataSource.java:122] HikariPool-1 - Start completed.
2025-04-01 17:27:35,071 INFO [SpringApplicationShutdownHook] o.s.b.w.e.t.GracefulShutdown [GracefulShutdown.java:54] Commencing graceful shutdown. Waiting for active requests to complete
2025-04-01 17:27:35,075 INFO [tomcat-shutdown] o.s.b.w.e.t.GracefulShutdown [GracefulShutdown.java:76] Graceful shutdown complete
2025-04-01 17:27:35,081 INFO [SpringApplicationShutdownHook] c.z.h.HikariDataSource [HikariDataSource.java:349] HikariPool-1 - Shutdown initiated...
2025-04-01 17:27:35,085 INFO [SpringApplicationShutdownHook] c.z.h.HikariDataSource [HikariDataSource.java:351] HikariPool-1 - Shutdown completed.
2025-04-01 17:27:36,703 INFO [restartedMain] c.n.c.CommunityApplication [StartupInfoLogger.java:53] Starting CommunityApplication using Java 22.0.1 with PID 26284 (C:\Users\Yang\Desktop\interview\community\target\classes started by Yang in C:\Users\Yang\Desktop\interview\community)
2025-04-01 17:27:36,705 INFO [restartedMain] c.n.c.CommunityApplication [SpringApplication.java:652] No active profile set, falling back to 1 default profile: "default"
2025-04-01 17:27:36,736 INFO [restartedMain] o.s.b.d.e.DevToolsPropertyDefaultsPostProcessor [DeferredLog.java:252] Devtools property defaults active! Set 'spring.devtools.add-properties' to 'false' to disable
2025-04-01 17:27:36,736 INFO [restartedMain] o.s.b.d.e.DevToolsPropertyDefaultsPostProcessor [DeferredLog.java:252] For additional web related logging consider setting the 'logging.level.web' property to 'DEBUG'
2025-04-01 17:27:37,468 INFO [restartedMain] o.s.b.w.e.t.TomcatWebServer [TomcatWebServer.java:111] Tomcat initialized with port 8080 (http)
2025-04-01 17:27:37,477 INFO [restartedMain] o.a.c.h.Http11NioProtocol [DirectJDKLog.java:173] Initializing ProtocolHandler ["http-nio-8080"]
2025-04-01 17:27:37,478 INFO [restartedMain] o.a.c.c.StandardService [DirectJDKLog.java:173] Starting service [Tomcat]
2025-04-01 17:27:37,479 INFO [restartedMain] o.a.c.c.StandardEngine [DirectJDKLog.java:173] Starting Servlet engine: [Apache Tomcat/10.1.39]
2025-04-01 17:27:37,509 INFO [restartedMain] o.a.c.c.C.[.[.[/community] [DirectJDKLog.java:173] Initializing Spring embedded WebApplicationContext
2025-04-01 17:27:37,509 INFO [restartedMain] o.s.b.w.s.c.ServletWebServerApplicationContext [ServletWebServerApplicationContext.java:301] Root WebApplicationContext: initialization completed in 772 ms
2025-04-01 17:27:37,783 INFO [restartedMain] o.s.b.a.w.s.WelcomePageHandlerMapping [WelcomePageHandlerMapping.java:59] Adding welcome page template: index
2025-04-01 17:27:37,980 INFO [restartedMain] o.s.b.d.a.OptionalLiveReloadServer [OptionalLiveReloadServer.java:59] LiveReload server is running on port 35729
2025-04-01 17:27:37,992 INFO [restartedMain] o.a.c.h.Http11NioProtocol [DirectJDKLog.java:173] Starting ProtocolHandler ["http-nio-8080"]
2025-04-01 17:27:38,006 INFO [restartedMain] o.s.b.w.e.t.TomcatWebServer [TomcatWebServer.java:243] Tomcat started on port 8080 (http) with context path '/community'
2025-04-01 17:27:38,011 INFO [restartedMain] c.n.c.CommunityApplication [StartupInfoLogger.java:59] Started CommunityApplication in 1.683 seconds (process running for 2.153)
2025-04-01 17:27:45,992 INFO [http-nio-8080-exec-1] o.a.c.c.C.[.[.[/community] [DirectJDKLog.java:173] Initializing Spring DispatcherServlet 'dispatcherServlet'
2025-04-01 17:27:45,992 INFO [http-nio-8080-exec-1] o.s.w.s.DispatcherServlet [FrameworkServlet.java:532] Initializing Servlet 'dispatcherServlet'
2025-04-01 17:27:45,993 INFO [http-nio-8080-exec-1] o.s.w.s.DispatcherServlet [FrameworkServlet.java:554] Completed initialization in 1 ms
2025-04-01 17:29:05,355 INFO [SpringApplicationShutdownHook] o.s.b.w.e.t.GracefulShutdown [GracefulShutdown.java:54] Commencing graceful shutdown. Waiting for active requests to complete
2025-04-01 17:29:05,360 INFO [tomcat-shutdown] o.s.b.w.e.t.GracefulShutdown [GracefulShutdown.java:76] Graceful shutdown complete
2025-04-01 17:29:07,048 INFO [restartedMain] c.n.c.CommunityApplication [StartupInfoLogger.java:53] Starting CommunityApplication using Java 22.0.1 with PID 21096 (C:\Users\Yang\Desktop\interview\community\target\classes started by Yang in C:\Users\Yang\Desktop\interview\community)
2025-04-01 17:29:07,049 INFO [restartedMain] c.n.c.CommunityApplication [SpringApplication.java:652] No active profile set, falling back to 1 default profile: "default"
2025-04-01 17:29:07,078 INFO [restartedMain] o.s.b.d.e.DevToolsPropertyDefaultsPostProcessor [DeferredLog.java:252] Devtools property defaults active! Set 'spring.devtools.add-properties' to 'false' to disable
2025-04-01 17:29:07,078 INFO [restartedMain] o.s.b.d.e.DevToolsPropertyDefaultsPostProcessor [DeferredLog.java:252] For additional web related logging consider setting the 'logging.level.web' property to 'DEBUG'
2025-04-01 17:29:07,787 INFO [restartedMain] o.s.b.w.e.t.TomcatWebServer [TomcatWebServer.java:111] Tomcat initialized with port 8080 (http)
2025-04-01 17:29:07,796 INFO [restartedMain] o.a.c.h.Http11NioProtocol [DirectJDKLog.java:173] Initializing ProtocolHandler ["http-nio-8080"]
2025-04-01 17:29:07,797 INFO [restartedMain] o.a.c.c.StandardService [DirectJDKLog.java:173] Starting service [Tomcat]
2025-04-01 17:29:07,797 INFO [restartedMain] o.a.c.c.StandardEngine [DirectJDKLog.java:173] Starting Servlet engine: [Apache Tomcat/10.1.39]
2025-04-01 17:29:07,826 INFO [restartedMain] o.a.c.c.C.[.[.[/community] [DirectJDKLog.java:173] Initializing Spring embedded WebApplicationContext
2025-04-01 17:29:07,826 INFO [restartedMain] o.s.b.w.s.c.ServletWebServerApplicationContext [ServletWebServerApplicationContext.java:301] Root WebApplicationContext: initialization completed in 747 ms
2025-04-01 17:29:08,089 INFO [restartedMain] o.s.b.a.w.s.WelcomePageHandlerMapping [WelcomePageHandlerMapping.java:59] Adding welcome page template: index
2025-04-01 17:29:08,284 INFO [restartedMain] o.s.b.d.a.OptionalLiveReloadServer [OptionalLiveReloadServer.java:59] LiveReload server is running on port 35729
2025-04-01 17:29:08,296 INFO [restartedMain] o.a.c.h.Http11NioProtocol [DirectJDKLog.java:173] Starting ProtocolHandler ["http-nio-8080"]
2025-04-01 17:29:08,308 INFO [restartedMain] o.s.b.w.e.t.TomcatWebServer [TomcatWebServer.java:243] Tomcat started on port 8080 (http) with context path '/community'
2025-04-01 17:29:08,314 INFO [restartedMain] c.n.c.CommunityApplication [StartupInfoLogger.java:59] Started CommunityApplication in 1.695 seconds (process running for 2.181)
2025-04-01 17:29:14,097 INFO [http-nio-8080-exec-1] o.a.c.c.C.[.[.[/community] [DirectJDKLog.java:173] Initializing Spring DispatcherServlet 'dispatcherServlet'
2025-04-01 17:29:14,097 INFO [http-nio-8080-exec-1] o.s.w.s.DispatcherServlet [FrameworkServlet.java:532] Initializing Servlet 'dispatcherServlet'
2025-04-01 17:29:14,097 INFO [http-nio-8080-exec-1] o.s.w.s.DispatcherServlet [FrameworkServlet.java:554] Completed initialization in 0 ms
2025-04-01 17:29:57,761 INFO [http-nio-8080-exec-10] c.z.h.HikariDataSource [HikariDataSource.java:109] HikariPool-1 - Starting...
2025-04-01 17:29:57,864 INFO [http-nio-8080-exec-10] c.z.h.p.HikariPool [HikariPool.java:554] HikariPool-1 - Added connection com.mysql.cj.jdbc.ConnectionImpl@3fbb6e39
2025-04-01 17:29:57,866 INFO [http-nio-8080-exec-10] c.z.h.HikariDataSource [HikariDataSource.java:122] HikariPool-1 - Start completed.
2025-04-01 17:35:55,016 INFO [SpringApplicationShutdownHook] o.s.b.w.e.t.GracefulShutdown [GracefulShutdown.java:54] Commencing graceful shutdown. Waiting for active requests to complete
2025-04-01 17:35:55,020 INFO [tomcat-shutdown] o.s.b.w.e.t.GracefulShutdown [GracefulShutdown.java:76] Graceful shutdown complete
2025-04-01 17:35:55,023 INFO [SpringApplicationShutdownHook] c.z.h.HikariDataSource [HikariDataSource.java:349] HikariPool-1 - Shutdown initiated...
2025-04-01 17:35:55,027 INFO [SpringApplicationShutdownHook] c.z.h.HikariDataSource [HikariDataSource.java:351] HikariPool-1 - Shutdown completed.
2025-04-01 17:35:56,856 INFO [restartedMain] c.n.c.CommunityApplication [StartupInfoLogger.java:53] Starting CommunityApplication using Java 22.0.1 with PID 25792 (C:\Users\Yang\Desktop\interview\community\target\classes started by Yang in C:\Users\Yang\Desktop\interview\community)
2025-04-01 17:35:56,857 INFO [restartedMain] c.n.c.CommunityApplication [SpringApplication.java:652] No active profile set, falling back to 1 default profile: "default"
2025-04-01 17:35:56,890 INFO [restartedMain] o.s.b.d.e.DevToolsPropertyDefaultsPostProcessor [DeferredLog.java:252] Devtools property defaults active! Set 'spring.devtools.add-properties' to 'false' to disable
2025-04-01 17:35:56,890 INFO [restartedMain] o.s.b.d.e.DevToolsPropertyDefaultsPostProcessor [DeferredLog.java:252] For additional web related logging consider setting the 'logging.level.web' property to 'DEBUG'
2025-04-01 17:35:57,627 INFO [restartedMain] o.s.b.w.e.t.TomcatWebServer [TomcatWebServer.java:111] Tomcat initialized with port 8080 (http)
2025-04-01 17:35:57,637 INFO [restartedMain] o.a.c.h.Http11NioProtocol [DirectJDKLog.java:173] Initializing ProtocolHandler ["http-nio-8080"]
2025-04-01 17:35:57,638 INFO [restartedMain] o.a.c.c.StandardService [DirectJDKLog.java:173] Starting service [Tomcat]
2025-04-01 17:35:57,638 INFO [restartedMain] o.a.c.c.StandardEngine [DirectJDKLog.java:173] Starting Servlet engine: [Apache Tomcat/10.1.39]
2025-04-01 17:35:57,669 INFO [restartedMain] o.a.c.c.C.[.[.[/community] [DirectJDKLog.java:173] Initializing Spring embedded WebApplicationContext
2025-04-01 17:35:57,669 INFO [restartedMain] o.s.b.w.s.c.ServletWebServerApplicationContext [ServletWebServerApplicationContext.java:301] Root WebApplicationContext: initialization completed in 778 ms
2025-04-01 17:35:57,941 INFO [restartedMain] o.s.b.a.w.s.WelcomePageHandlerMapping [WelcomePageHandlerMapping.java:59] Adding welcome page template: index
2025-04-01 17:35:58,134 INFO [restartedMain] o.s.b.d.a.OptionalLiveReloadServer [OptionalLiveReloadServer.java:59] LiveReload server is running on port 35729
2025-04-01 17:35:58,146 INFO [restartedMain] o.a.c.h.Http11NioProtocol [DirectJDKLog.java:173] Starting ProtocolHandler ["http-nio-8080"]
2025-04-01 17:35:58,159 INFO [restartedMain] o.s.b.w.e.t.TomcatWebServer [TomcatWebServer.java:243] Tomcat started on port 8080 (http) with context path '/community'
2025-04-01 17:35:58,164 INFO [restartedMain] c.n.c.CommunityApplication [StartupInfoLogger.java:59] Started CommunityApplication in 1.697 seconds (process running for 2.221)
2025-04-01 17:36:02,680 INFO [http-nio-8080-exec-1] o.a.c.c.C.[.[.[/community] [DirectJDKLog.java:173] Initializing Spring DispatcherServlet 'dispatcherServlet'
2025-04-01 17:36:02,681 INFO [http-nio-8080-exec-1] o.s.w.s.DispatcherServlet [FrameworkServlet.java:532] Initializing Servlet 'dispatcherServlet'
2025-04-01 17:36:02,681 INFO [http-nio-8080-exec-1] o.s.w.s.DispatcherServlet [FrameworkServlet.java:554] Completed initialization in 0 ms
2025-04-01 17:36:02,731 INFO [http-nio-8080-exec-1] c.z.h.HikariDataSource [HikariDataSource.java:109] HikariPool-1 - Starting...
2025-04-01 17:36:02,841 INFO [http-nio-8080-exec-1] c.z.h.p.HikariPool [HikariPool.java:554] HikariPool-1 - Added connection com.mysql.cj.jdbc.ConnectionImpl@18ffaba5
2025-04-01 17:36:02,842 INFO [http-nio-8080-exec-1] c.z.h.HikariDataSource [HikariDataSource.java:122] HikariPool-1 - Start completed.
2025-04-01 17:37:03,235 INFO [SpringApplicationShutdownHook] o.s.b.w.e.t.GracefulShutdown [GracefulShutdown.java:54] Commencing graceful shutdown. Waiting for active requests to complete
2025-04-01 17:37:03,239 INFO [tomcat-shutdown] o.s.b.w.e.t.GracefulShutdown [GracefulShutdown.java:76] Graceful shutdown complete
2025-04-01 17:37:03,242 INFO [SpringApplicationShutdownHook] c.z.h.HikariDataSource [HikariDataSource.java:349] HikariPool-1 - Shutdown initiated...
2025-04-01 17:37:03,246 INFO [SpringApplicationShutdownHook] c.z.h.HikariDataSource [HikariDataSource.java:351] HikariPool-1 - Shutdown completed.
2025-04-01 17:37:05,156 INFO [restartedMain] c.n.c.CommunityApplication [StartupInfoLogger.java:53] Starting CommunityApplication using Java 22.0.1 with PID 1184 (C:\Users\Yang\Desktop\interview\community\target\classes started by Yang in C:\Users\Yang\Desktop\interview\community)
2025-04-01 17:37:05,157 INFO [restartedMain] c.n.c.CommunityApplication [SpringApplication.java:652] No active profile set, falling back to 1 default profile: "default"
2025-04-01 17:37:05,190 INFO [restartedMain] o.s.b.d.e.DevToolsPropertyDefaultsPostProcessor [DeferredLog.java:252] Devtools property defaults active! Set 'spring.devtools.add-properties' to 'false' to disable
2025-04-01 17:37:05,190 INFO [restartedMain] o.s.b.d.e.DevToolsPropertyDefaultsPostProcessor [DeferredLog.java:252] For additional web related logging consider setting the 'logging.level.web' property to 'DEBUG'
2025-04-01 17:37:05,925 INFO [restartedMain] o.s.b.w.e.t.TomcatWebServer [TomcatWebServer.java:111] Tomcat initialized with port 8080 (http)
2025-04-01 17:37:05,934 INFO [restartedMain] o.a.c.h.Http11NioProtocol [DirectJDKLog.java:173] Initializing ProtocolHandler ["http-nio-8080"]
2025-04-01 17:37:05,935 INFO [restartedMain] o.a.c.c.StandardService [DirectJDKLog.java:173] Starting service [Tomcat]
2025-04-01 17:37:05,936 INFO [restartedMain] o.a.c.c.StandardEngine [DirectJDKLog.java:173] Starting Servlet engine: [Apache Tomcat/10.1.39]
2025-04-01 17:37:05,965 INFO [restartedMain] o.a.c.c.C.[.[.[/community] [DirectJDKLog.java:173] Initializing Spring embedded WebApplicationContext
2025-04-01 17:37:05,965 INFO [restartedMain] o.s.b.w.s.c.ServletWebServerApplicationContext [ServletWebServerApplicationContext.java:301] Root WebApplicationContext: initialization completed in 775 ms
2025-04-01 17:37:06,239 INFO [restartedMain] o.s.b.a.w.s.WelcomePageHandlerMapping [WelcomePageHandlerMapping.java:59] Adding welcome page template: index
2025-04-01 17:37:06,438 INFO [restartedMain] o.s.b.d.a.OptionalLiveReloadServer [OptionalLiveReloadServer.java:59] LiveReload server is running on port 35729
2025-04-01 17:37:06,450 INFO [restartedMain] o.a.c.h.Http11NioProtocol [DirectJDKLog.java:173] Starting ProtocolHandler ["http-nio-8080"]
2025-04-01 17:37:06,463 INFO [restartedMain] o.s.b.w.e.t.TomcatWebServer [TomcatWebServer.java:243] Tomcat started on port 8080 (http) with context path '/community'
2025-04-01 17:37:06,469 INFO [restartedMain] c.n.c.CommunityApplication [StartupInfoLogger.java:59] Started CommunityApplication in 1.684 seconds (process running for 2.228)
2025-04-01 17:37:10,149 INFO [http-nio-8080-exec-1] o.a.c.c.C.[.[.[/community] [DirectJDKLog.java:173] Initializing Spring DispatcherServlet 'dispatcherServlet'
2025-04-01 17:37:10,150 INFO [http-nio-8080-exec-1] o.s.w.s.DispatcherServlet [FrameworkServlet.java:532] Initializing Servlet 'dispatcherServlet'
2025-04-01 17:37:10,150 INFO [http-nio-8080-exec-1] o.s.w.s.DispatcherServlet [FrameworkServlet.java:554] Completed initialization in 0 ms
2025-04-01 17:37:10,200 INFO [http-nio-8080-exec-1] c.z.h.HikariDataSource [HikariDataSource.java:109] HikariPool-1 - Starting...
2025-04-01 17:37:10,309 INFO [http-nio-8080-exec-1] c.z.h.p.HikariPool [HikariPool.java:554] HikariPool-1 - Added connection com.mysql.cj.jdbc.ConnectionImpl@4ad4dab2
2025-04-01 17:37:10,310 INFO [http-nio-8080-exec-1] c.z.h.HikariDataSource [HikariDataSource.java:122] HikariPool-1 - Start completed.
2025-04-01 17:43:45,026 INFO [SpringApplicationShutdownHook] o.s.b.w.e.t.GracefulShutdown [GracefulShutdown.java:54] Commencing graceful shutdown. Waiting for active requests to complete
2025-04-01 17:43:45,030 INFO [tomcat-shutdown] o.s.b.w.e.t.GracefulShutdown [GracefulShutdown.java:76] Graceful shutdown complete
2025-04-01 17:43:45,033 INFO [SpringApplicationShutdownHook] c.z.h.HikariDataSource [HikariDataSource.java:349] HikariPool-1 - Shutdown initiated...
2025-04-01 17:43:45,037 INFO [SpringApplicationShutdownHook] c.z.h.HikariDataSource [HikariDataSource.java:351] HikariPool-1 - Shutdown completed.
2025-04-01 17:43:46,948 INFO [restartedMain] c.n.c.CommunityApplication [StartupInfoLogger.java:53] Starting CommunityApplication using Java 22.0.1 with PID 12432 (C:\Users\Yang\Desktop\interview\community\target\classes started by Yang in C:\Users\Yang\Desktop\interview\community)
2025-04-01 17:43:46,949 INFO [restartedMain] c.n.c.CommunityApplication [SpringApplication.java:652] No active profile set, falling back to 1 default profile: "default"
2025-04-01 17:43:46,984 INFO [restartedMain] o.s.b.d.e.DevToolsPropertyDefaultsPostProcessor [DeferredLog.java:252] Devtools property defaults active! Set 'spring.devtools.add-properties' to 'false' to disable
2025-04-01 17:43:46,984 INFO [restartedMain] o.s.b.d.e.DevToolsPropertyDefaultsPostProcessor [DeferredLog.java:252] For additional web related logging consider setting the 'logging.level.web' property to 'DEBUG'
2025-04-01 17:43:47,743 INFO [restartedMain] o.s.b.w.e.t.TomcatWebServer [TomcatWebServer.java:111] Tomcat initialized with port 8080 (http)
2025-04-01 17:43:47,752 INFO [restartedMain] o.a.c.h.Http11NioProtocol [DirectJDKLog.java:173] Initializing ProtocolHandler ["http-nio-8080"]
2025-04-01 17:43:47,753 INFO [restartedMain] o.a.c.c.StandardService [DirectJDKLog.java:173] Starting service [Tomcat]
2025-04-01 17:43:47,754 INFO [restartedMain] o.a.c.c.StandardEngine [DirectJDKLog.java:173] Starting Servlet engine: [Apache Tomcat/10.1.39]
2025-04-01 17:43:47,784 INFO [restartedMain] o.a.c.c.C.[.[.[/community] [DirectJDKLog.java:173] Initializing Spring embedded WebApplicationContext
2025-04-01 17:43:47,785 INFO [restartedMain] o.s.b.w.s.c.ServletWebServerApplicationContext [ServletWebServerApplicationContext.java:301] Root WebApplicationContext: initialization completed in 801 ms
2025-04-01 17:43:48,066 INFO [restartedMain] o.s.b.a.w.s.WelcomePageHandlerMapping [WelcomePageHandlerMapping.java:59] Adding welcome page template: index
2025-04-01 17:43:48,268 INFO [restartedMain] o.s.b.d.a.OptionalLiveReloadServer [OptionalLiveReloadServer.java:59] LiveReload server is running on port 35729
2025-04-01 17:43:48,281 INFO [restartedMain] o.a.c.h.Http11NioProtocol [DirectJDKLog.java:173] Starting ProtocolHandler ["http-nio-8080"]
2025-04-01 17:43:48,294 INFO [restartedMain] o.s.b.w.e.t.TomcatWebServer [TomcatWebServer.java:243] Tomcat started on port 8080 (http) with context path '/community'
2025-04-01 17:43:48,300 INFO [restartedMain] c.n.c.CommunityApplication [StartupInfoLogger.java:59] Started CommunityApplication in 1.729 seconds (process running for 2.329)
2025-04-01 17:43:57,568 INFO [http-nio-8080-exec-1] o.a.c.c.C.[.[.[/community] [DirectJDKLog.java:173] Initializing Spring DispatcherServlet 'dispatcherServlet'
2025-04-01 17:43:57,569 INFO [http-nio-8080-exec-1] o.s.w.s.DispatcherServlet [FrameworkServlet.java:532] Initializing Servlet 'dispatcherServlet'
2025-04-01 17:43:57,569 INFO [http-nio-8080-exec-1] o.s.w.s.DispatcherServlet [FrameworkServlet.java:554] Completed initialization in 0 ms
2025-04-01 17:43:57,619 INFO [http-nio-8080-exec-1] c.z.h.HikariDataSource [HikariDataSource.java:109] HikariPool-1 - Starting...
2025-04-01 17:43:57,728 INFO [http-nio-8080-exec-1] c.z.h.p.HikariPool [HikariPool.java:554] HikariPool-1 - Added connection com.mysql.cj.jdbc.ConnectionImpl@416ad61c
2025-04-01 17:43:57,729 INFO [http-nio-8080-exec-1] c.z.h.HikariDataSource [HikariDataSource.java:122] HikariPool-1 - Start completed.
2025-04-01 18:22:11,369 INFO [SpringApplicationShutdownHook] o.s.b.w.e.t.GracefulShutdown [GracefulShutdown.java:54] Commencing graceful shutdown. Waiting for active requests to complete
2025-04-01 18:22:11,374 INFO [tomcat-shutdown] o.s.b.w.e.t.GracefulShutdown [GracefulShutdown.java:76] Graceful shutdown complete
2025-04-01 18:22:11,377 INFO [SpringApplicationShutdownHook] c.z.h.HikariDataSource [HikariDataSource.java:349] HikariPool-1 - Shutdown initiated...
2025-04-01 18:22:11,378 INFO [SpringApplicationShutdownHook] c.z.h.HikariDataSource [HikariDataSource.java:351] HikariPool-1 - Shutdown completed.
2025-04-01 18:22:13,908 INFO [restartedMain] c.n.c.CommunityApplication [StartupInfoLogger.java:53] Starting CommunityApplication using Java 22.0.1 with PID 9544 (C:\Users\Yang\Desktop\interview\community\target\classes started by Yang in C:\Users\Yang\Desktop\interview\community)
2025-04-01 18:22:13,910 INFO [restartedMain] c.n.c.CommunityApplication [SpringApplication.java:652] No active profile set, falling back to 1 default profile: "default"
2025-04-01 18:22:13,941 INFO [restartedMain] o.s.b.d.e.DevToolsPropertyDefaultsPostProcessor [DeferredLog.java:252] Devtools property defaults active! Set 'spring.devtools.add-properties' to 'false' to disable
2025-04-01 18:22:13,941 INFO [restartedMain] o.s.b.d.e.DevToolsPropertyDefaultsPostProcessor [DeferredLog.java:252] For additional web related logging consider setting the 'logging.level.web' property to 'DEBUG'
2025-04-01 18:22:14,682 INFO [restartedMain] o.s.b.w.e.t.TomcatWebServer [TomcatWebServer.java:111] Tomcat initialized with port 8080 (http)
2025-04-01 18:22:14,693 INFO [restartedMain] o.a.c.h.Http11NioProtocol [DirectJDKLog.java:173] Initializing ProtocolHandler ["http-nio-8080"]
2025-04-01 18:22:14,694 INFO [restartedMain] o.a.c.c.StandardService [DirectJDKLog.java:173] Starting service [Tomcat]
2025-04-01 18:22:14,694 INFO [restartedMain] o.a.c.c.StandardEngine [DirectJDKLog.java:173] Starting Servlet engine: [Apache Tomcat/10.1.39]
2025-04-01 18:22:14,724 INFO [restartedMain] o.a.c.c.C.[.[.[/community] [DirectJDKLog.java:173] Initializing Spring embedded WebApplicationContext
2025-04-01 18:22:14,724 INFO [restartedMain] o.s.b.w.s.c.ServletWebServerApplicationContext [ServletWebServerApplicationContext.java:301] Root WebApplicationContext: initialization completed in 782 ms
2025-04-01 18:22:14,997 INFO [restartedMain] o.s.b.a.w.s.WelcomePageHandlerMapping [WelcomePageHandlerMapping.java:59] Adding welcome page template: index
2025-04-01 18:22:15,193 INFO [restartedMain] o.s.b.d.a.OptionalLiveReloadServer [OptionalLiveReloadServer.java:59] LiveReload server is running on port 35729
2025-04-01 18:22:15,205 INFO [restartedMain] o.a.c.h.Http11NioProtocol [DirectJDKLog.java:173] Starting ProtocolHandler ["http-nio-8080"]
2025-04-01 18:22:15,218 INFO [restartedMain] o.s.b.w.e.t.TomcatWebServer [TomcatWebServer.java:243] Tomcat started on port 8080 (http) with context path '/community'
2025-04-01 18:22:15,224 INFO [restartedMain] c.n.c.CommunityApplication [StartupInfoLogger.java:59] Started CommunityApplication in 1.68 seconds (process running for 2.114)
2025-04-01 18:22:19,180 INFO [SpringApplicationShutdownHook] o.s.b.w.e.t.GracefulShutdown [GracefulShutdown.java:54] Commencing graceful shutdown. Waiting for active requests to complete
2025-04-01 18:22:19,185 INFO [tomcat-shutdown] o.s.b.w.e.t.GracefulShutdown [GracefulShutdown.java:76] Graceful shutdown complete
2025-04-01 18:22:20,855 INFO [restartedMain] c.n.c.CommunityApplication [StartupInfoLogger.java:53] Starting CommunityApplication using Java 22.0.1 with PID 22096 (C:\Users\Yang\Desktop\interview\community\target\classes started by Yang in C:\Users\Yang\Desktop\interview\community)
2025-04-01 18:22:20,856 INFO [restartedMain] c.n.c.CommunityApplication [SpringApplication.java:652] No active profile set, falling back to 1 default profile: "default"
2025-04-01 18:22:20,887 INFO [restartedMain] o.s.b.d.e.DevToolsPropertyDefaultsPostProcessor [DeferredLog.java:252] Devtools property defaults active! Set 'spring.devtools.add-properties' to 'false' to disable
2025-04-01 18:22:20,887 INFO [restartedMain] o.s.b.d.e.DevToolsPropertyDefaultsPostProcessor [DeferredLog.java:252] For additional web related logging consider setting the 'logging.level.web' property to 'DEBUG'
2025-04-01 18:22:21,612 INFO [restartedMain] o.s.b.w.e.t.TomcatWebServer [TomcatWebServer.java:111] Tomcat initialized with port 8080 (http)
2025-04-01 18:22:21,621 INFO [restartedMain] o.a.c.h.Http11NioProtocol [DirectJDKLog.java:173] Initializing ProtocolHandler ["http-nio-8080"]
2025-04-01 18:22:21,622 INFO [restartedMain] o.a.c.c.StandardService [DirectJDKLog.java:173] Starting service [Tomcat]
2025-04-01 18:22:21,623 INFO [restartedMain] o.a.c.c.StandardEngine [DirectJDKLog.java:173] Starting Servlet engine: [Apache Tomcat/10.1.39]
2025-04-01 18:22:21,652 INFO [restartedMain] o.a.c.c.C.[.[.[/community] [DirectJDKLog.java:173] Initializing Spring embedded WebApplicationContext
2025-04-01 18:22:21,653 INFO [restartedMain] o.s.b.w.s.c.ServletWebServerApplicationContext [ServletWebServerApplicationContext.java:301] Root WebApplicationContext: initialization completed in 765 ms
2025-04-01 18:22:21,928 INFO [restartedMain] o.s.b.a.w.s.WelcomePageHandlerMapping [WelcomePageHandlerMapping.java:59] Adding welcome page template: index
2025-04-01 18:22:22,130 INFO [restartedMain] o.s.b.d.a.OptionalLiveReloadServer [OptionalLiveReloadServer.java:59] LiveReload server is running on port 35729
2025-04-01 18:22:22,141 INFO [restartedMain] o.a.c.h.Http11NioProtocol [DirectJDKLog.java:173] Starting ProtocolHandler ["http-nio-8080"]
2025-04-01 18:22:22,154 INFO [restartedMain] o.s.b.w.e.t.TomcatWebServer [TomcatWebServer.java:243] Tomcat started on port 8080 (http) with context path '/community'
2025-04-01 18:22:22,160 INFO [restartedMain] c.n.c.CommunityApplication [StartupInfoLogger.java:59] Started CommunityApplication in 1.722 seconds (process running for 2.182)
2025-04-01 18:22:34,510 INFO [http-nio-8080-exec-1] o.a.c.c.C.[.[.[/community] [DirectJDKLog.java:173] Initializing Spring DispatcherServlet 'dispatcherServlet'
2025-04-01 18:22:34,510 INFO [http-nio-8080-exec-1] o.s.w.s.DispatcherServlet [FrameworkServlet.java:532] Initializing Servlet 'dispatcherServlet'
2025-04-01 18:22:34,511 INFO [http-nio-8080-exec-1] o.s.w.s.DispatcherServlet [FrameworkServlet.java:554] Completed initialization in 1 ms
2025-04-01 18:22:34,559 INFO [http-nio-8080-exec-1] c.z.h.HikariDataSource [HikariDataSource.java:109] HikariPool-1 - Starting...
2025-04-01 18:22:34,670 INFO [http-nio-8080-exec-1] c.z.h.p.HikariPool [HikariPool.java:554] HikariPool-1 - Added connection com.mysql.cj.jdbc.ConnectionImpl@474c440d
2025-04-01 18:22:34,672 INFO [http-nio-8080-exec-1] c.z.h.HikariDataSource [HikariDataSource.java:122] HikariPool-1 - Start completed.
2025-04-01 18:24:01,006 INFO [SpringApplicationShutdownHook] o.s.b.w.e.t.GracefulShutdown [GracefulShutdown.java:54] Commencing graceful shutdown. Waiting for active requests to complete
2025-04-01 18:24:01,011 INFO [tomcat-shutdown] o.s.b.w.e.t.GracefulShutdown [GracefulShutdown.java:76] Graceful shutdown complete
2025-04-01 18:24:01,013 INFO [SpringApplicationShutdownHook] c.z.h.HikariDataSource [HikariDataSource.java:349] HikariPool-1 - Shutdown initiated...
2025-04-01 18:24:01,017 INFO [SpringApplicationShutdownHook] c.z.h.HikariDataSource [HikariDataSource.java:351] HikariPool-1 - Shutdown completed.
2025-04-01 18:24:03,396 INFO [restartedMain] c.n.c.CommunityApplication [StartupInfoLogger.java:53] Starting CommunityApplication using Java 22.0.1 with PID 5408 (C:\Users\Yang\Desktop\interview\community\target\classes started by Yang in C:\Users\Yang\Desktop\interview\community)
2025-04-01 18:24:03,397 INFO [restartedMain] c.n.c.CommunityApplication [SpringApplication.java:652] No active profile set, falling back to 1 default profile: "default"
2025-04-01 18:24:03,429 INFO [restartedMain] o.s.b.d.e.DevToolsPropertyDefaultsPostProcessor [DeferredLog.java:252] Devtools property defaults active! Set 'spring.devtools.add-properties' to 'false' to disable
2025-04-01 18:24:03,430 INFO [restartedMain] o.s.b.d.e.DevToolsPropertyDefaultsPostProcessor [DeferredLog.java:252] For additional web related logging consider setting the 'logging.level.web' property to 'DEBUG'
2025-04-01 18:24:04,160 INFO [restartedMain] o.s.b.w.e.t.TomcatWebServer [TomcatWebServer.java:111] Tomcat initialized with port 8080 (http)
2025-04-01 18:24:04,170 INFO [restartedMain] o.a.c.h.Http11NioProtocol [DirectJDKLog.java:173] Initializing ProtocolHandler ["http-nio-8080"]
2025-04-01 18:24:04,171 INFO [restartedMain] o.a.c.c.StandardService [DirectJDKLog.java:173] Starting service [Tomcat]
2025-04-01 18:24:04,171 INFO [restartedMain] o.a.c.c.StandardEngine [DirectJDKLog.java:173] Starting Servlet engine: [Apache Tomcat/10.1.39]
2025-04-01 18:24:04,200 INFO [restartedMain] o.a.c.c.C.[.[.[/community] [DirectJDKLog.java:173] Initializing Spring embedded WebApplicationContext
2025-04-01 18:24:04,200 INFO [restartedMain] o.s.b.w.s.c.ServletWebServerApplicationContext [ServletWebServerApplicationContext.java:301] Root WebApplicationContext: initialization completed in 769 ms
2025-04-01 18:24:04,469 INFO [restartedMain] o.s.b.a.w.s.WelcomePageHandlerMapping [WelcomePageHandlerMapping.java:59] Adding welcome page template: index
2025-04-01 18:24:04,667 INFO [restartedMain] o.s.b.d.a.OptionalLiveReloadServer [OptionalLiveReloadServer.java:59] LiveReload server is running on port 35729
2025-04-01 18:24:04,679 INFO [restartedMain] o.a.c.h.Http11NioProtocol [DirectJDKLog.java:173] Starting ProtocolHandler ["http-nio-8080"]
2025-04-01 18:24:04,692 INFO [restartedMain] o.s.b.w.e.t.TomcatWebServer [TomcatWebServer.java:243] Tomcat started on port 8080 (http) with context path '/community'
2025-04-01 18:24:04,698 INFO [restartedMain] c.n.c.CommunityApplication [StartupInfoLogger.java:59] Started CommunityApplication in 1.673 seconds (process running for 2.12)
2025-04-01 18:24:04,919 INFO [http-nio-8080-exec-1] o.a.c.c.C.[.[.[/community] [DirectJDKLog.java:173] Initializing Spring DispatcherServlet 'dispatcherServlet'
2025-04-01 18:24:04,920 INFO [http-nio-8080-exec-1] o.s.w.s.DispatcherServlet [FrameworkServlet.java:532] Initializing Servlet 'dispatcherServlet'
2025-04-01 18:24:04,920 INFO [http-nio-8080-exec-1] o.s.w.s.DispatcherServlet [FrameworkServlet.java:554] Completed initialization in 0 ms
2025-04-01 18:24:04,970 INFO [http-nio-8080-exec-1] c.z.h.HikariDataSource [HikariDataSource.java:109] HikariPool-1 - Starting...
2025-04-01 18:24:05,075 INFO [http-nio-8080-exec-1] c.z.h.p.HikariPool [HikariPool.java:554] HikariPool-1 - Added connection com.mysql.cj.jdbc.ConnectionImpl@abd7d3b
2025-04-01 18:24:05,077 INFO [http-nio-8080-exec-1] c.z.h.HikariDataSource [HikariDataSource.java:122] HikariPool-1 - Start completed.
